<?xml version="1.0" encoding="UTF-8"?>
<testsuite name="test.java.UnitTests" tests="4" skipped="0" failures="0" errors="0" timestamp="2018-10-20T23:07:15" hostname="weizitongs-MAC.local" time="0.005">
  <properties/>
  <testcase name="test1" classname="test.java.UnitTests" time="0.003"/>
  <testcase name="test2" classname="test.java.UnitTests" time="0.002"/>
  <testcase name="test3" classname="test.java.UnitTests" time="0.0"/>
  <testcase name="test4" classname="test.java.UnitTests" time="0.0"/>
  <system-out><![CDATA[Catch e successfully
Catch e successfully
Catch e successfully
Catch e successfully
Catch e successfully
Catch e successfully
]]></system-out>
  <system-err><![CDATA[]]></system-err>
</testsuite>
